<?xml version="1.0" encoding="UTF-8"?>
<!-- Generated by org.testng.reporters.JUnitReportReporter -->
<testsuite hostname="Mohammads-Air" failures="0" tests="1" name="lec35_java_selenium.Q_use_of_right_click_action" time="10.399" errors="0" timestamp="2021-09-14T23:02:17 EDT" skipped="0">
  <testcase classname="lec35_java_selenium.Q_use_of_right_click_action" name="rightClickAction" time="10.399"/>
  <system-out/>
</testsuite> <!-- lec35_java_selenium.Q_use_of_right_click_action -->
