<?xml version="1.0" encoding="UTF-8"?>
<!-- Generated by org.testng.reporters.JUnitReportReporter -->
<testsuite hostname="Mohammads-Air" failures="0" tests="1" name="lec32_java_selenium.J_use_of_clear_method" time="12.460" errors="0" timestamp="2021-09-07T20:57:37 EDT" skipped="0">
  <testcase classname="lec32_java_selenium.J_use_of_clear_method" name="userIdTest" time="12.460"/>
  <system-out/>
</testsuite> <!-- lec32_java_selenium.J_use_of_clear_method -->
