<?xml version="1.0" encoding="UTF-8"?>
<!-- Generated by org.testng.reporters.JUnitReportReporter -->
<testsuite hostname="Mohammads-Air" failures="0" tests="1" name="lec41_java_selenium.I03_use_of_double_click_action" time="4.681" errors="0" timestamp="2021-09-30T21:17:07 EDT" skipped="0">
  <testcase classname="lec41_java_selenium.I03_use_of_double_click_action" name="doubleClickActionTest" time="4.681"/>
  <system-out/>
</testsuite> <!-- lec41_java_selenium.I03_use_of_double_click_action -->
