<?xml version="1.0" encoding="UTF-8"?>
<!-- Generated by org.testng.reporters.JUnitReportReporter -->
<testsuite hostname="Mohammads-Air" failures="0" tests="1" name="lec41_java_selenium.B03_use_of_get_text" time="0.131" errors="0" timestamp="2021-09-30T20:48:56 EDT" skipped="0">
  <testcase classname="lec41_java_selenium.B03_use_of_get_text" name="getTextTest" time="0.131"/>
  <system-out/>
</testsuite> <!-- lec41_java_selenium.B03_use_of_get_text -->
