<?xml version="1.0" encoding="UTF-8"?>
<!-- Generated by org.testng.reporters.JUnitReportReporter -->
<testsuite hostname="Mohammads-Air" failures="0" tests="1" name="lec36_java_selenium.N02" time="10.491" errors="0" timestamp="2021-09-15T21:30:14 EDT" skipped="0">
  <testcase classname="lec36_java_selenium.N02" name="rightClickAction" time="10.491"/>
  <system-out/>
</testsuite> <!-- lec36_java_selenium.N02 -->
