<?xml version="1.0" encoding="UTF-8"?>
<!-- Generated by org.testng.reporters.JUnitReportReporter -->
<testsuite hostname="Mohammads-Air" failures="0" tests="1" name="lec36_java_selenium.O01_use_of_firefox_driver" time="0.139" errors="0" timestamp="2021-09-17T09:08:52 EDT" skipped="0">
  <testcase classname="lec36_java_selenium.O01_use_of_firefox_driver" name="logoTest" time="0.139"/>
  <system-out/>
</testsuite> <!-- lec36_java_selenium.O01_use_of_firefox_driver -->
