<?xml version="1.0" encoding="UTF-8"?>
<!-- Generated by org.testng.reporters.JUnitReportReporter -->
<testsuite hostname="Mohammads-Air" failures="0" tests="1" name="lec35_java_selenium.Q_dropdown_selectByVisibleText_method" time="18.366" errors="0" timestamp="2021-09-14T22:31:07 EDT" skipped="0">
  <testcase classname="lec35_java_selenium.Q_dropdown_selectByVisibleText_method" name="selectByVisibleTextTest" time="18.366"/>
  <system-out/>
</testsuite> <!-- lec35_java_selenium.Q_dropdown_selectByVisibleText_method -->
