<?xml version="1.0" encoding="UTF-8"?>
<!-- Generated by org.testng.reporters.JUnitReportReporter -->
<testsuite hostname="Mohammads-Air" failures="0" tests="1" name="lec36_java_selenium.N01_use_of_right_click_action" time="10.360" errors="0" timestamp="2021-09-15T21:33:43 EDT" skipped="0">
  <testcase classname="lec36_java_selenium.N01_use_of_right_click_action" name="rightClickAction" time="10.360"/>
  <system-out/>
</testsuite> <!-- lec36_java_selenium.N01_use_of_right_click_action -->
