<?xml version="1.0" encoding="UTF-8"?>
<!-- Generated by org.testng.reporters.JUnitReportReporter -->
<testsuite hostname="Mohammads-Air" failures="0" tests="5" name="lec31_java_selenium.C_use_of_click_method_by_different_locator" time="0.371" errors="0" timestamp="2021-09-05T21:32:53 EDT" skipped="4">
  <testcase classname="lec31_java_selenium.C_use_of_click_method_by_different_locator" name="newUserRegistrationTest03" time="0.371"/>
  <system-out/>
  <testcase classname="lec31_java_selenium.C_use_of_click_method_by_different_locator" name="loginButtonTest02">
    <skipped/>
  </testcase> <!-- loginButtonTest02 -->
  <system-out/>
  <testcase classname="lec31_java_selenium.C_use_of_click_method_by_different_locator" name="newUserRegistrationTest02">
    <skipped/>
  </testcase> <!-- newUserRegistrationTest02 -->
  <system-out/>
  <testcase classname="lec31_java_selenium.C_use_of_click_method_by_different_locator" name="loginButtonTest01">
    <skipped/>
  </testcase> <!-- loginButtonTest01 -->
  <system-out/>
  <testcase classname="lec31_java_selenium.C_use_of_click_method_by_different_locator" name="newUserRegistrationTest01">
    <skipped/>
  </testcase> <!-- newUserRegistrationTest01 -->
  <system-out/>
</testsuite> <!-- lec31_java_selenium.C_use_of_click_method_by_different_locator -->
