<?xml version="1.0" encoding="UTF-8"?>
<!-- Generated by org.testng.reporters.JUnitReportReporter -->
<testsuite hostname="Mohammads-Air" failures="0" tests="1" name="lec35_java_selenium.R_dropdown_selectByValue_method2" time="7.979" errors="0" timestamp="2021-09-14T22:35:03 EDT" skipped="0">
  <testcase classname="lec35_java_selenium.R_dropdown_selectByValue_method2" name="selectByValueTest" time="7.979"/>
  <system-out/>
</testsuite> <!-- lec35_java_selenium.R_dropdown_selectByValue_method2 -->
