<?xml version="1.0" encoding="UTF-8"?>
<!-- Generated by org.testng.reporters.JUnitReportReporter -->
<testsuite hostname="Mohammads-Air" failures="0" tests="1" name="lec35_java_selenium.N01_use_of_right_click_action" time="10.352" errors="0" timestamp="2021-09-15T09:57:51 EDT" skipped="0">
  <testcase classname="lec35_java_selenium.N01_use_of_right_click_action" name="rightClickAction" time="10.352"/>
  <system-out/>
</testsuite> <!-- lec35_java_selenium.N01_use_of_right_click_action -->
