<?xml version="1.0" encoding="UTF-8"?>
<!-- Generated by org.testng.reporters.JUnitReportReporter -->
<testsuite hostname="Mohammads-Air" failures="0" tests="1" name="lec41_java_selenium.B05_use_of_get_attribute" time="0.234" errors="0" timestamp="2021-09-30T20:57:45 EDT" skipped="0">
  <testcase classname="lec41_java_selenium.B05_use_of_get_attribute" name="getAttributeTest" time="0.234"/>
  <system-out/>
</testsuite> <!-- lec41_java_selenium.B05_use_of_get_attribute -->
