<?xml version="1.0" encoding="UTF-8"?>
<!-- Generated by org.testng.reporters.JUnitReportReporter -->
<testsuite hostname="Mohammads-Air" failures="0" tests="1" name="lec41_java_selenium.I04_use_of_drag_and_drop_action" time="5.396" errors="0" timestamp="2021-09-30T21:24:48 EDT" skipped="0">
  <testcase classname="lec41_java_selenium.I04_use_of_drag_and_drop_action" name="dragAndDropActionTest" time="5.396"/>
  <system-out/>
</testsuite> <!-- lec41_java_selenium.I04_use_of_drag_and_drop_action -->
