<?xml version="1.0" encoding="UTF-8"?>
<!-- Generated by org.testng.reporters.JUnitReportReporter -->
<testsuite hostname="Mohammads-Air" failures="0" tests="1" name="lec31_java_selenium.E_use_of_isDisplayed_method" time="0.127" errors="0" timestamp="2021-09-07T20:45:02 EDT" skipped="0">
  <testcase classname="lec31_java_selenium.E_use_of_isDisplayed_method" name="logoTest" time="0.127"/>
  <system-out/>
</testsuite> <!-- lec31_java_selenium.E_use_of_isDisplayed_method -->
