<?xml version="1.0" encoding="UTF-8"?>
<!-- Generated by org.testng.reporters.JUnitReportReporter -->
<testsuite hostname="Mohammads-Air" failures="0" tests="6" name="lec32_java_selenium.M_use_of_manage_by_driver" time="0.565" errors="1" timestamp="2021-09-08T10:33:16 EDT" skipped="5">
  <testcase classname="lec32_java_selenium.M_use_of_manage_by_driver" name="waitForWindow" time="0.565">
    <error message="current thread is not owner" type="java.lang.IllegalMonitorStateException">
      <![CDATA[java.lang.IllegalMonitorStateException: current thread is not owner
at java.base/java.lang.Object.wait(Native Method)
at java.base/java.lang.Object.wait(Object.java:454)
at lec32_java_selenium.M_use_of_manage_by_driver.waitForWindow(M_use_of_manage_by_driver.java:53)
at java.base/jdk.internal.reflect.NativeMethodAccessorImpl.invoke0(Native Method)
at java.base/jdk.internal.reflect.NativeMethodAccessorImpl.invoke(NativeMethodAccessorImpl.java:78)
at java.base/jdk.internal.reflect.DelegatingMethodAccessorImpl.invoke(DelegatingMethodAccessorImpl.java:43)
at java.base/java.lang.reflect.Method.invoke(Method.java:567)
at org.testng.internal.MethodInvocationHelper.invokeMethod(MethodInvocationHelper.java:133)
at org.testng.internal.TestInvoker.invokeMethod(TestInvoker.java:598)
at org.testng.internal.TestInvoker.invokeTestMethod(TestInvoker.java:173)
at org.testng.internal.MethodRunner.runInSequence(MethodRunner.java:46)
at org.testng.internal.TestInvoker$MethodInvocationAgent.invoke(TestInvoker.java:824)
at org.testng.internal.TestInvoker.invokeTestMethods(TestInvoker.java:146)
at org.testng.internal.TestMethodWorker.invokeTestMethods(TestMethodWorker.java:146)
at org.testng.internal.TestMethodWorker.run(TestMethodWorker.java:128)
at java.base/java.util.ArrayList.forEach(ArrayList.java:1511)
at org.testng.TestRunner.privateRun(TestRunner.java:794)
at org.testng.TestRunner.run(TestRunner.java:596)
at org.testng.SuiteRunner.runTest(SuiteRunner.java:377)
at org.testng.SuiteRunner.runSequentially(SuiteRunner.java:371)
at org.testng.SuiteRunner.privateRun(SuiteRunner.java:332)
at org.testng.SuiteRunner.run(SuiteRunner.java:276)
at org.testng.SuiteRunnerWorker.runSuite(SuiteRunnerWorker.java:53)
at org.testng.SuiteRunnerWorker.run(SuiteRunnerWorker.java:96)
at org.testng.TestNG.runSuitesSequentially(TestNG.java:1212)
at org.testng.TestNG.runSuitesLocally(TestNG.java:1134)
at org.testng.TestNG.runSuites(TestNG.java:1063)
at org.testng.TestNG.run(TestNG.java:1031)
at org.testng.remote.AbstractRemoteTestNG.run(AbstractRemoteTestNG.java:115)
at org.testng.remote.RemoteTestNG.initAndRun(RemoteTestNG.java:251)
at org.testng.remote.RemoteTestNG.main(RemoteTestNG.java:77)
]]>
    </error>
  </testcase> <!-- waitForWindow -->
  <system-out/>
  <testcase classname="lec32_java_selenium.M_use_of_manage_by_driver" name="setASpecificSizeOfWindow">
    <skipped/>
  </testcase> <!-- setASpecificSizeOfWindow -->
  <system-out/>
  <testcase classname="lec32_java_selenium.M_use_of_manage_by_driver" name="fullScreenWindow">
    <skipped/>
  </testcase> <!-- fullScreenWindow -->
  <system-out/>
  <testcase classname="lec32_java_selenium.M_use_of_manage_by_driver" name="sizeOfWindow">
    <skipped/>
  </testcase> <!-- sizeOfWindow -->
  <system-out/>
  <testcase classname="lec32_java_selenium.M_use_of_manage_by_driver" name="deleteCookies">
    <skipped/>
  </testcase> <!-- deleteCookies -->
  <system-out/>
  <testcase classname="lec32_java_selenium.M_use_of_manage_by_driver" name="maximizeWindow">
    <skipped/>
  </testcase> <!-- maximizeWindow -->
  <system-out/>
</testsuite> <!-- lec32_java_selenium.M_use_of_manage_by_driver -->
