<?xml version="1.0" encoding="UTF-8"?>
<!-- Generated by org.testng.reporters.JUnitReportReporter -->
<testsuite hostname="Mohammads-Air" failures="0" tests="1" name="lec35_java_selenium.P_use_of_sendKeys_method_and_click_Enter_button" time="13.997" errors="0" timestamp="2021-09-14T22:17:43 EDT" skipped="0">
  <testcase classname="lec35_java_selenium.P_use_of_sendKeys_method_and_click_Enter_button" name="selectByIndexTest" time="13.997"/>
  <system-out/>
</testsuite> <!-- lec35_java_selenium.P_use_of_sendKeys_method_and_click_Enter_button -->
