<?xml version="1.0" encoding="UTF-8"?>
<!-- Generated by org.testng.reporters.JUnitReportReporter -->
<testsuite hostname="Mohammads-Air" failures="0" tests="1" name="lec41_java_selenium.I05_use_of_scroll_down_and_scroll_up_action" time="8.167" errors="0" timestamp="2021-09-30T21:32:55 EDT" skipped="0">
  <testcase classname="lec41_java_selenium.I05_use_of_scroll_down_and_scroll_up_action" name="scrollDownAndScrollUpTest" time="8.167"/>
  <system-out/>
</testsuite> <!-- lec41_java_selenium.I05_use_of_scroll_down_and_scroll_up_action -->
