<?xml version="1.0" encoding="UTF-8"?>
<!-- Generated by org.testng.reporters.JUnitReportReporter -->
<testsuite hostname="Mohammads-Air" failures="0" tests="1" name="lec29_java_selenium.B_use_of_get_method" time="4.161" errors="0" timestamp="2021-09-05T20:55:58 EDT" skipped="0">
  <testcase classname="lec29_java_selenium.B_use_of_get_method" name="loginButtonTest" time="4.161"/>
  <system-out/>
</testsuite> <!-- lec29_java_selenium.B_use_of_get_method -->
