<?xml version="1.0" encoding="UTF-8"?>
<!-- Generated by org.testng.reporters.JUnitReportReporter -->
<testsuite hostname="Mohammads-Air" failures="0" tests="1" name="lec31_java_selenium.I_use_of_navigate_method" time="15.647" errors="0" timestamp="2021-09-05T23:04:49 EDT" skipped="0">
  <testcase classname="lec31_java_selenium.I_use_of_navigate_method" name="navigationTest" time="15.647"/>
  <system-out/>
</testsuite> <!-- lec31_java_selenium.I_use_of_navigate_method -->
