<?xml version="1.0" encoding="UTF-8"?>
<!-- Generated by org.testng.reporters.JUnitReportReporter -->
<testsuite hostname="Mohammads-Air" failures="0" tests="2" name="lec32_java_selenium.L_use_of_mouse_hover_action" time="16.706" errors="0" timestamp="2021-09-07T21:55:47 EDT" skipped="0">
  <testcase classname="lec32_java_selenium.L_use_of_mouse_hover_action" name="mouseHoverActionOnAboutUs" time="8.290"/>
  <system-out/>
  <testcase classname="lec32_java_selenium.L_use_of_mouse_hover_action" name="mouseHoverActionOnOurLocations" time="8.416"/>
  <system-out/>
</testsuite> <!-- lec32_java_selenium.L_use_of_mouse_hover_action -->
