<?xml version="1.0" encoding="UTF-8"?>
<!-- Generated by org.testng.reporters.JUnitReportReporter -->
<testsuite hostname="Mohammads-Air" failures="0" tests="1" name="lec41_java_selenium.I06_use_of_slider_action" time="0.420" errors="0" timestamp="2021-09-30T21:36:40 EDT" skipped="0">
  <testcase classname="lec41_java_selenium.I06_use_of_slider_action" name="sliderActionTest" time="0.420"/>
  <system-out/>
</testsuite> <!-- lec41_java_selenium.I06_use_of_slider_action -->
