<?xml version="1.0" encoding="UTF-8"?>
<!-- Generated by org.testng.reporters.JUnitReportReporter -->
<testsuite hostname="Mohammads-Air" failures="0" tests="2" name="lec32_java_selenium.K_use_of_sendKeys_method_and_click_Enter_button" time="26.912" errors="0" timestamp="2021-09-11T20:35:36 EDT" skipped="0">
  <testcase classname="lec32_java_selenium.K_use_of_sendKeys_method_and_click_Enter_button" name="searchItemByclickingSearchButtonTest" time="19.551"/>
  <system-out/>
  <testcase classname="lec32_java_selenium.K_use_of_sendKeys_method_and_click_Enter_button" name="searchItemByclickingEnterButtonTest" time="7.361"/>
  <system-out/>
</testsuite> <!-- lec32_java_selenium.K_use_of_sendKeys_method_and_click_Enter_button -->
