<?xml version="1.0" encoding="UTF-8"?>
<!-- Generated by org.testng.reporters.JUnitReportReporter -->
<testsuite hostname="Mohammads-Air" failures="0" tests="1" name="lec31_java_selenium.G_use_of_isSelected_method" time="0.074" errors="0" timestamp="2021-09-07T20:46:45 EDT" skipped="0">
  <testcase classname="lec31_java_selenium.G_use_of_isSelected_method" name="checkBoxTest" time="0.074"/>
  <system-out/>
</testsuite> <!-- lec31_java_selenium.G_use_of_isSelected_method -->
