<?xml version="1.0" encoding="UTF-8"?>
<!-- Generated by org.testng.reporters.JUnitReportReporter -->
<testsuite hostname="Mohammads-Air" failures="0" tests="2" name="lec35_java_selenium.H_use_of_sendKeys_method_and_click_Enter_button" time="29.778" errors="0" timestamp="2021-09-18T20:41:57 EDT" skipped="0">
  <testcase classname="lec35_java_selenium.H_use_of_sendKeys_method_and_click_Enter_button" name="searchItemByclickingSearchButtonTest" time="22.097"/>
  <system-out/>
  <testcase classname="lec35_java_selenium.H_use_of_sendKeys_method_and_click_Enter_button" name="searchItemByclickingEnterButtonTest" time="7.681"/>
  <system-out/>
</testsuite> <!-- lec35_java_selenium.H_use_of_sendKeys_method_and_click_Enter_button -->
