<?xml version="1.0" encoding="UTF-8"?>
<!-- Generated by org.testng.reporters.JUnitReportReporter -->
<testsuite hostname="Mohammads-Air" failures="0" tests="1" name="lec36_java_selenium.O02_use_of_firefox_driver" time="0.129" errors="0" timestamp="2021-09-17T09:15:07 EDT" skipped="0">
  <testcase classname="lec36_java_selenium.O02_use_of_firefox_driver" name="logoTest" time="0.129"/>
  <system-out/>
</testsuite> <!-- lec36_java_selenium.O02_use_of_firefox_driver -->
