<?xml version="1.0" encoding="UTF-8"?>
<!-- Generated by org.testng.reporters.JUnitReportReporter -->
<testsuite hostname="Mohammads-Air" failures="0" tests="1" name="lec36_java_selenium.O03_use_of_chrome_driver" time="0.224" errors="0" timestamp="2021-09-17T09:33:17 EDT" skipped="0">
  <testcase classname="lec36_java_selenium.O03_use_of_chrome_driver" name="logoTest" time="0.224"/>
  <system-out/>
</testsuite> <!-- lec36_java_selenium.O03_use_of_chrome_driver -->
