<?xml version="1.0" encoding="UTF-8"?>
<!-- Generated by org.testng.reporters.JUnitReportReporter -->
<testsuite hostname="Mohammads-Air" failures="0" tests="2" name="lec41_java_selenium.P01_how_to_find_hidden_element" time="4.121" errors="0" timestamp="2021-09-30T20:31:52 EDT" skipped="1">
  <testcase classname="lec41_java_selenium.P01_how_to_find_hidden_element" name="findHiddenElements" time="4.121"/>
  <system-out/>
  <testcase classname="lec41_java_selenium.P01_how_to_find_hidden_element" name="findHiddenElementsWrongWay">
    <skipped/>
  </testcase> <!-- findHiddenElementsWrongWay -->
  <system-out/>
</testsuite> <!-- lec41_java_selenium.P01_how_to_find_hidden_element -->
