<?xml version="1.0" encoding="UTF-8"?>
<!-- Generated by org.testng.reporters.JUnitReportReporter -->
<testsuite hostname="Mohammads-Air" failures="0" tests="2" name="lec32_java_selenium.N_use_of_click_method_in_details" time="8.501" errors="0" timestamp="2021-09-14T20:43:40 EDT" skipped="0">
  <testcase classname="lec32_java_selenium.N_use_of_click_method_in_details" name="loginButtonTest01" time="4.445"/>
  <system-out/>
  <testcase classname="lec32_java_selenium.N_use_of_click_method_in_details" name="loginButtonTest02" time="4.056"/>
  <system-out/>
</testsuite> <!-- lec32_java_selenium.N_use_of_click_method_in_details -->
