<?xml version="1.0" encoding="UTF-8"?>
<!-- Generated by org.testng.reporters.JUnitReportReporter -->
<testsuite hostname="Mohammads-Air" failures="0" tests="8" name="lec31_java_selenium.D_use_of_click_method_by_css_selector" time="0.218" errors="0" timestamp="2021-09-05T21:57:08 EDT" skipped="7">
  <testcase classname="lec31_java_selenium.D_use_of_click_method_by_css_selector" name="loginButtonTest03" time="0.218"/>
  <system-out/>
  <testcase classname="lec31_java_selenium.D_use_of_click_method_by_css_selector" name="loginButtonTest02">
    <skipped/>
  </testcase> <!-- loginButtonTest02 -->
  <system-out/>
  <testcase classname="lec31_java_selenium.D_use_of_click_method_by_css_selector" name="userIdTest">
    <skipped/>
  </testcase> <!-- userIdTest -->
  <system-out/>
  <testcase classname="lec31_java_selenium.D_use_of_click_method_by_css_selector" name="newUserRegistrationTest01">
    <skipped/>
  </testcase> <!-- newUserRegistrationTest01 -->
  <system-out/>
  <testcase classname="lec31_java_selenium.D_use_of_click_method_by_css_selector" name="newUserRegistrationTest02">
    <skipped/>
  </testcase> <!-- newUserRegistrationTest02 -->
  <system-out/>
  <testcase classname="lec31_java_selenium.D_use_of_click_method_by_css_selector" name="newUserRegistrationTest03">
    <skipped/>
  </testcase> <!-- newUserRegistrationTest03 -->
  <system-out/>
  <testcase classname="lec31_java_selenium.D_use_of_click_method_by_css_selector" name="loginButtonTest01">
    <skipped/>
  </testcase> <!-- loginButtonTest01 -->
  <system-out/>
  <testcase classname="lec31_java_selenium.D_use_of_click_method_by_css_selector" name="newUserRegistrationTest04">
    <skipped/>
  </testcase> <!-- newUserRegistrationTest04 -->
  <system-out/>
</testsuite> <!-- lec31_java_selenium.D_use_of_click_method_by_css_selector -->
