<?xml version="1.0" encoding="UTF-8"?>
<!-- Generated by org.testng.reporters.JUnitReportReporter -->
<testsuite hostname="Mohammads-Air" failures="0" tests="1" name="lec31_java_selenium.H_use_of_sendKeys_method" time="4.474" errors="0" timestamp="2021-09-05T22:50:18 EDT" skipped="0">
  <testcase classname="lec31_java_selenium.H_use_of_sendKeys_method" name="userIdTest" time="4.474"/>
  <system-out/>
</testsuite> <!-- lec31_java_selenium.H_use_of_sendKeys_method -->
