<?xml version="1.0" encoding="UTF-8"?>
<!-- Generated by org.testng.reporters.JUnitReportReporter -->
<testsuite hostname="Mohammads-Air" failures="0" tests="1" name="lec31_java_selenium.F_use_of_isEnabled_method" time="0.058" errors="0" timestamp="2021-09-05T22:27:09 EDT" skipped="0">
  <testcase classname="lec31_java_selenium.F_use_of_isEnabled_method" name="newUserRegistrationTest" time="0.058"/>
  <system-out/>
</testsuite> <!-- lec31_java_selenium.F_use_of_isEnabled_method -->
