<?xml version="1.0" encoding="UTF-8"?>
<!-- Generated by org.testng.reporters.JUnitReportReporter -->
<testsuite hostname="Mohammads-Air" failures="0" tests="1" name="lec41_java_selenium.B02_use_of_get_Title" time="0.039" errors="0" timestamp="2021-09-30T20:37:02 EDT" skipped="0">
  <testcase classname="lec41_java_selenium.B02_use_of_get_Title" name="titleTest" time="0.039"/>
  <system-out/>
</testsuite> <!-- lec41_java_selenium.B02_use_of_get_Title -->
